#
# There is insufficient memory for the Java Runtime Environment to continue.
# Native memory allocation (malloc) failed to allocate 1351872 bytes. Error detail: Chunk::new
# Possible reasons:
#   The system is out of physical RAM or swap space
#   This process is running with CompressedOops enabled, and the Java Heap may be blocking the growth of the native heap
# Possible solutions:
#   Reduce memory load on the system
#   Increase physical memory or swap space
#   Check if swap backing store is full
#   Decrease Java heap size (-Xmx/-Xms)
#   Decrease number of Java threads
#   Decrease Java thread stack sizes (-Xss)
#   Set larger code cache with -XX:ReservedCodeCacheSize=
#   JVM is running with Zero Based Compressed Oops mode in which the Java heap is
#     placed in the first 32GB address space. The Java Heap base address is the
#     maximum limit for the native heap growth. Please use -XX:HeapBaseMinAddress
#     to set the Java Heap base and to place the Java Heap above 32GB virtual address.
# This output file may be truncated or incomplete.
#
#  Out of Memory Error (arena.cpp:168), pid=48380, tid=14624
#
# JRE version: OpenJDK Runtime Environment JBR-21.0.7+9-895.130-jcef (21.0.7+9) (build 21.0.7+9-b895.130)
# Java VM: OpenJDK 64-Bit Server VM JBR-21.0.7+9-895.130-jcef (21.0.7+9-b895.130, mixed mode, sharing, tiered, compressed oops, compressed class ptrs, g1 gc, windows-amd64)
# No core dump will be written. Minidumps are not enabled by default on client versions of Windows
#

---------------  S U M M A R Y ------------

Command Line: git4idea.http.GitAskPassApp Username for 'https://github.com': 

Host: 12th Gen Intel(R) Core(TM) i7-1260P, 16 cores, 31G,  Windows 11 , 64 bit Build 26100 (10.0.26100.4768)
Time: Sun Aug 24 01:22:10 2025  Windows 11 , 64 bit Build 26100 (10.0.26100.4768) elapsed time: 2.695319 seconds (0d 0h 0m 2s)

---------------  T H R E A D  ---------------

Current thread (0x000001a9dc33d7b0):  JavaThread "C2 CompilerThread3" daemon [_thread_in_native, id=14624, stack(0x00000050cdf00000,0x00000050ce000000) (1024K)]


Current CompileTask:
C2:2695 1186       4       sun.security.ec.ECOperations::setDouble (463 bytes)

Stack: [0x00000050cdf00000,0x00000050ce000000]
Native frames: (J=compiled Java code, j=interpreted, Vv=VM code, C=native code)
V  [jvm.dll+0x6e6049]
V  [jvm.dll+0x8c4343]
V  [jvm.dll+0x8c689e]
V  [jvm.dll+0x8c6f83]
V  [jvm.dll+0x289266]
V  [jvm.dll+0xc675d]
V  [jvm.dll+0xc6c93]
V  [jvm.dll+0x3c4a0b]
V  [jvm.dll+0x3905b7]
V  [jvm.dll+0x38fa2a]
V  [jvm.dll+0x250912]
V  [jvm.dll+0x24fee1]
V  [jvm.dll+0x1cd734]
V  [jvm.dll+0x25f76c]
V  [jvm.dll+0x25dcb6]
V  [jvm.dll+0x3ffa86]
V  [jvm.dll+0x86bea8]
V  [jvm.dll+0x6e480d]
C  [ucrtbase.dll+0x37b0]
C  [KERNEL32.DLL+0x2e8d7]
C  [ntdll.dll+0x3c34c]


---------------  P R O C E S S  ---------------

Threads class SMR info:
_java_thread_list=0x000001a9dc926e60, length=17, elements={
0x000001a9f1a7ba30, 0x000001a9dc0128c0, 0x000001a9dc015420, 0x000001a9dc01a040,
0x000001a9dc01adf0, 0x000001a9dc01b840, 0x000001a9dc01c3c0, 0x000001a9dc01d270,
0x000001a9dc032970, 0x000001a9dc18a610, 0x000001a9dc190270, 0x000001a9dc33de80,
0x000001a9dc9021e0, 0x000001a9dca13120, 0x000001a9dc960510, 0x000001a9dc33bc70,
0x000001a9dc33d7b0
}

Java Threads: ( => current thread )
  0x000001a9f1a7ba30 JavaThread "main"                              [_thread_blocked, id=40796, stack(0x00000050cc500000,0x00000050cc600000) (1024K)]
  0x000001a9dc0128c0 JavaThread "Reference Handler"          daemon [_thread_blocked, id=55528, stack(0x00000050ccd00000,0x00000050cce00000) (1024K)]
  0x000001a9dc015420 JavaThread "Finalizer"                  daemon [_thread_blocked, id=33800, stack(0x00000050cce00000,0x00000050ccf00000) (1024K)]
  0x000001a9dc01a040 JavaThread "Signal Dispatcher"          daemon [_thread_blocked, id=33944, stack(0x00000050ccf00000,0x00000050cd000000) (1024K)]
  0x000001a9dc01adf0 JavaThread "Attach Listener"            daemon [_thread_blocked, id=53952, stack(0x00000050cd000000,0x00000050cd100000) (1024K)]
  0x000001a9dc01b840 JavaThread "Service Thread"             daemon [_thread_blocked, id=54208, stack(0x00000050cd100000,0x00000050cd200000) (1024K)]
  0x000001a9dc01c3c0 JavaThread "Monitor Deflation Thread"   daemon [_thread_blocked, id=47972, stack(0x00000050cd200000,0x00000050cd300000) (1024K)]
  0x000001a9dc01d270 JavaThread "C2 CompilerThread0"         daemon [_thread_blocked, id=20836, stack(0x00000050cd300000,0x00000050cd400000) (1024K)]
  0x000001a9dc032970 JavaThread "C1 CompilerThread0"         daemon [_thread_blocked, id=2580, stack(0x00000050cd400000,0x00000050cd500000) (1024K)]
  0x000001a9dc18a610 JavaThread "Notification Thread"        daemon [_thread_blocked, id=50628, stack(0x00000050cd600000,0x00000050cd700000) (1024K)]
  0x000001a9dc190270 JavaThread "Common-Cleaner"             daemon [_thread_blocked, id=29600, stack(0x00000050cd700000,0x00000050cd800000) (1024K)]
  0x000001a9dc33de80 JavaThread "C2 CompilerThread1"         daemon [_thread_blocked, id=54820, stack(0x00000050cd900000,0x00000050cda00000) (1024K)]
  0x000001a9dc9021e0 JavaThread "HttpClient-1-SelectorManager" daemon [_thread_in_native, id=38220, stack(0x00000050cda00000,0x00000050cdb00000) (1024K)]
  0x000001a9dca13120 JavaThread "HttpClient-1-Worker-0"      daemon [_thread_blocked, id=51848, stack(0x00000050cdc00000,0x00000050cdd00000) (1024K)]
  0x000001a9dc960510 JavaThread "HttpClient-1-Worker-1"      daemon [_thread_blocked, id=49788, stack(0x00000050cdd00000,0x00000050cde00000) (1024K)]
  0x000001a9dc33bc70 JavaThread "C2 CompilerThread2"         daemon [_thread_blocked, id=49396, stack(0x00000050cde00000,0x00000050cdf00000) (1024K)]
=>0x000001a9dc33d7b0 JavaThread "C2 CompilerThread3"         daemon [_thread_in_native, id=14624, stack(0x00000050cdf00000,0x00000050ce000000) (1024K)]
Total: 17

Other Threads:
  0x000001a9f8502700 VMThread "VM Thread"                           [id=27228, stack(0x00000050ccc00000,0x00000050ccd00000) (1024K)]
  0x000001a9f84ed260 WatcherThread "VM Periodic Task Thread"        [id=28456, stack(0x00000050ccb00000,0x00000050ccc00000) (1024K)]
  0x000001a9f1b20de0 WorkerThread "GC Thread#0"                     [id=53256, stack(0x00000050cc600000,0x00000050cc700000) (1024K)]
  0x000001a9f1b31ad0 ConcurrentGCThread "G1 Main Marker"            [id=55480, stack(0x00000050cc700000,0x00000050cc800000) (1024K)]
  0x000001a9f1b325d0 WorkerThread "G1 Conc#0"                       [id=29636, stack(0x00000050cc800000,0x00000050cc900000) (1024K)]
  0x000001a9f83c1900 ConcurrentGCThread "G1 Refine#0"               [id=54040, stack(0x00000050cc900000,0x00000050cca00000) (1024K)]
  0x000001a9f83c3230 ConcurrentGCThread "G1 Service"                [id=36008, stack(0x00000050cca00000,0x00000050ccb00000) (1024K)]
Total: 7

Threads with active compile tasks:
C2 CompilerThread3  2720 1186       4       sun.security.ec.ECOperations::setDouble (463 bytes)
Total: 1

VM state: not at safepoint (normal execution)

VM Mutex/Monitor currently owned by a thread: None

Heap address: 0x0000000605c00000, size: 8100 MB, Compressed Oops mode: Zero based, Oop shift amount: 3

CDS archive(s) mapped at: [0x000001a997000000-0x000001a997d10000-0x000001a997d10000), size 13697024, SharedBaseAddress: 0x000001a997000000, ArchiveRelocationMode: 1.
Compressed class space mapped at: 0x000001a998000000-0x000001a9d8000000, reserved size: 1073741824
Narrow klass base: 0x000001a997000000, Narrow klass shift: 0, Narrow klass range: 0x100000000

GC Precious Log:
 CardTable entry size: 512
 Card Set container configuration: InlinePtr #cards 4 size 8 Array Of Cards #cards 32 size 80 Howl #buckets 8 coarsen threshold 7372 Howl Bitmap #cards 1024 size 144 coarsen threshold 921 Card regions per heap region 1 cards per card region 8192
 CPUs: 16 total, 16 available
 Memory: 32394M
 Large Page Support: Disabled
 NUMA Support: Disabled
 Compressed Oops: Enabled (Zero based)
 Heap Region Size: 4M
 Heap Min Capacity: 8M
 Heap Initial Capacity: 508M
 Heap Max Capacity: 8100M
 Pre-touch: Disabled
 Parallel Workers: 13
 Concurrent Workers: 3
 Concurrent Refinement Workers: 13
 Periodic GC: Disabled

Heap:
 garbage-first heap   total 520192K, used 12288K [0x0000000605c00000, 0x0000000800000000)
  region size 4096K, 5 young (20480K), 0 survivors (0K)
 Metaspace       used 9286K, committed 9536K, reserved 1114112K
  class space    used 1063K, committed 1152K, reserved 1048576K

Heap Regions: E=young(eden), S=young(survivor), O=old, HS=humongous(starts), HC=humongous(continues), CS=collection set, F=free, TAMS=top-at-mark-start, PB=parsable bottom
|   0|0x0000000605c00000, 0x0000000605c00000, 0x0000000606000000|  0%| F|  |TAMS 0x0000000605c00000| PB 0x0000000605c00000| Untracked 
|   1|0x0000000606000000, 0x0000000606000000, 0x0000000606400000|  0%| F|  |TAMS 0x0000000606000000| PB 0x0000000606000000| Untracked 
|   2|0x0000000606400000, 0x0000000606400000, 0x0000000606800000|  0%| F|  |TAMS 0x0000000606400000| PB 0x0000000606400000| Untracked 
|   3|0x0000000606800000, 0x0000000606800000, 0x0000000606c00000|  0%| F|  |TAMS 0x0000000606800000| PB 0x0000000606800000| Untracked 
|   4|0x0000000606c00000, 0x0000000606c00000, 0x0000000607000000|  0%| F|  |TAMS 0x0000000606c00000| PB 0x0000000606c00000| Untracked 
|   5|0x0000000607000000, 0x0000000607000000, 0x0000000607400000|  0%| F|  |TAMS 0x0000000607000000| PB 0x0000000607000000| Untracked 
|   6|0x0000000607400000, 0x0000000607400000, 0x0000000607800000|  0%| F|  |TAMS 0x0000000607400000| PB 0x0000000607400000| Untracked 
|   7|0x0000000607800000, 0x0000000607800000, 0x0000000607c00000|  0%| F|  |TAMS 0x0000000607800000| PB 0x0000000607800000| Untracked 
|   8|0x0000000607c00000, 0x0000000607c00000, 0x0000000608000000|  0%| F|  |TAMS 0x0000000607c00000| PB 0x0000000607c00000| Untracked 
|   9|0x0000000608000000, 0x0000000608000000, 0x0000000608400000|  0%| F|  |TAMS 0x0000000608000000| PB 0x0000000608000000| Untracked 
|  10|0x0000000608400000, 0x0000000608400000, 0x0000000608800000|  0%| F|  |TAMS 0x0000000608400000| PB 0x0000000608400000| Untracked 
|  11|0x0000000608800000, 0x0000000608800000, 0x0000000608c00000|  0%| F|  |TAMS 0x0000000608800000| PB 0x0000000608800000| Untracked 
|  12|0x0000000608c00000, 0x0000000608c00000, 0x0000000609000000|  0%| F|  |TAMS 0x0000000608c00000| PB 0x0000000608c00000| Untracked 
|  13|0x0000000609000000, 0x0000000609000000, 0x0000000609400000|  0%| F|  |TAMS 0x0000000609000000| PB 0x0000000609000000| Untracked 
|  14|0x0000000609400000, 0x0000000609400000, 0x0000000609800000|  0%| F|  |TAMS 0x0000000609400000| PB 0x0000000609400000| Untracked 
|  15|0x0000000609800000, 0x0000000609800000, 0x0000000609c00000|  0%| F|  |TAMS 0x0000000609800000| PB 0x0000000609800000| Untracked 
|  16|0x0000000609c00000, 0x0000000609c00000, 0x000000060a000000|  0%| F|  |TAMS 0x0000000609c00000| PB 0x0000000609c00000| Untracked 
|  17|0x000000060a000000, 0x000000060a000000, 0x000000060a400000|  0%| F|  |TAMS 0x000000060a000000| PB 0x000000060a000000| Untracked 
|  18|0x000000060a400000, 0x000000060a400000, 0x000000060a800000|  0%| F|  |TAMS 0x000000060a400000| PB 0x000000060a400000| Untracked 
|  19|0x000000060a800000, 0x000000060a800000, 0x000000060ac00000|  0%| F|  |TAMS 0x000000060a800000| PB 0x000000060a800000| Untracked 
|  20|0x000000060ac00000, 0x000000060ac00000, 0x000000060b000000|  0%| F|  |TAMS 0x000000060ac00000| PB 0x000000060ac00000| Untracked 
|  21|0x000000060b000000, 0x000000060b000000, 0x000000060b400000|  0%| F|  |TAMS 0x000000060b000000| PB 0x000000060b000000| Untracked 
|  22|0x000000060b400000, 0x000000060b400000, 0x000000060b800000|  0%| F|  |TAMS 0x000000060b400000| PB 0x000000060b400000| Untracked 
|  23|0x000000060b800000, 0x000000060b800000, 0x000000060bc00000|  0%| F|  |TAMS 0x000000060b800000| PB 0x000000060b800000| Untracked 
|  24|0x000000060bc00000, 0x000000060bc00000, 0x000000060c000000|  0%| F|  |TAMS 0x000000060bc00000| PB 0x000000060bc00000| Untracked 
|  25|0x000000060c000000, 0x000000060c000000, 0x000000060c400000|  0%| F|  |TAMS 0x000000060c000000| PB 0x000000060c000000| Untracked 
|  26|0x000000060c400000, 0x000000060c400000, 0x000000060c800000|  0%| F|  |TAMS 0x000000060c400000| PB 0x000000060c400000| Untracked 
|  27|0x000000060c800000, 0x000000060c800000, 0x000000060cc00000|  0%| F|  |TAMS 0x000000060c800000| PB 0x000000060c800000| Untracked 
|  28|0x000000060cc00000, 0x000000060cc00000, 0x000000060d000000|  0%| F|  |TAMS 0x000000060cc00000| PB 0x000000060cc00000| Untracked 
|  29|0x000000060d000000, 0x000000060d000000, 0x000000060d400000|  0%| F|  |TAMS 0x000000060d000000| PB 0x000000060d000000| Untracked 
|  30|0x000000060d400000, 0x000000060d400000, 0x000000060d800000|  0%| F|  |TAMS 0x000000060d400000| PB 0x000000060d400000| Untracked 
|  31|0x000000060d800000, 0x000000060d800000, 0x000000060dc00000|  0%| F|  |TAMS 0x000000060d800000| PB 0x000000060d800000| Untracked 
|  32|0x000000060dc00000, 0x000000060dc00000, 0x000000060e000000|  0%| F|  |TAMS 0x000000060dc00000| PB 0x000000060dc00000| Untracked 
|  33|0x000000060e000000, 0x000000060e000000, 0x000000060e400000|  0%| F|  |TAMS 0x000000060e000000| PB 0x000000060e000000| Untracked 
|  34|0x000000060e400000, 0x000000060e400000, 0x000000060e800000|  0%| F|  |TAMS 0x000000060e400000| PB 0x000000060e400000| Untracked 
|  35|0x000000060e800000, 0x000000060e800000, 0x000000060ec00000|  0%| F|  |TAMS 0x000000060e800000| PB 0x000000060e800000| Untracked 
|  36|0x000000060ec00000, 0x000000060ec00000, 0x000000060f000000|  0%| F|  |TAMS 0x000000060ec00000| PB 0x000000060ec00000| Untracked 
|  37|0x000000060f000000, 0x000000060f000000, 0x000000060f400000|  0%| F|  |TAMS 0x000000060f000000| PB 0x000000060f000000| Untracked 
|  38|0x000000060f400000, 0x000000060f400000, 0x000000060f800000|  0%| F|  |TAMS 0x000000060f400000| PB 0x000000060f400000| Untracked 
|  39|0x000000060f800000, 0x000000060f800000, 0x000000060fc00000|  0%| F|  |TAMS 0x000000060f800000| PB 0x000000060f800000| Untracked 
|  40|0x000000060fc00000, 0x000000060fc00000, 0x0000000610000000|  0%| F|  |TAMS 0x000000060fc00000| PB 0x000000060fc00000| Untracked 
|  41|0x0000000610000000, 0x0000000610000000, 0x0000000610400000|  0%| F|  |TAMS 0x0000000610000000| PB 0x0000000610000000| Untracked 
|  42|0x0000000610400000, 0x0000000610400000, 0x0000000610800000|  0%| F|  |TAMS 0x0000000610400000| PB 0x0000000610400000| Untracked 
|  43|0x0000000610800000, 0x0000000610800000, 0x0000000610c00000|  0%| F|  |TAMS 0x0000000610800000| PB 0x0000000610800000| Untracked 
|  44|0x0000000610c00000, 0x0000000610c00000, 0x0000000611000000|  0%| F|  |TAMS 0x0000000610c00000| PB 0x0000000610c00000| Untracked 
|  45|0x0000000611000000, 0x0000000611000000, 0x0000000611400000|  0%| F|  |TAMS 0x0000000611000000| PB 0x0000000611000000| Untracked 
|  46|0x0000000611400000, 0x0000000611400000, 0x0000000611800000|  0%| F|  |TAMS 0x0000000611400000| PB 0x0000000611400000| Untracked 
|  47|0x0000000611800000, 0x0000000611800000, 0x0000000611c00000|  0%| F|  |TAMS 0x0000000611800000| PB 0x0000000611800000| Untracked 
|  48|0x0000000611c00000, 0x0000000611c00000, 0x0000000612000000|  0%| F|  |TAMS 0x0000000611c00000| PB 0x0000000611c00000| Untracked 
|  49|0x0000000612000000, 0x0000000612000000, 0x0000000612400000|  0%| F|  |TAMS 0x0000000612000000| PB 0x0000000612000000| Untracked 
|  50|0x0000000612400000, 0x0000000612400000, 0x0000000612800000|  0%| F|  |TAMS 0x0000000612400000| PB 0x0000000612400000| Untracked 
|  51|0x0000000612800000, 0x0000000612800000, 0x0000000612c00000|  0%| F|  |TAMS 0x0000000612800000| PB 0x0000000612800000| Untracked 
|  52|0x0000000612c00000, 0x0000000612c00000, 0x0000000613000000|  0%| F|  |TAMS 0x0000000612c00000| PB 0x0000000612c00000| Untracked 
|  53|0x0000000613000000, 0x0000000613000000, 0x0000000613400000|  0%| F|  |TAMS 0x0000000613000000| PB 0x0000000613000000| Untracked 
|  54|0x0000000613400000, 0x0000000613400000, 0x0000000613800000|  0%| F|  |TAMS 0x0000000613400000| PB 0x0000000613400000| Untracked 
|  55|0x0000000613800000, 0x0000000613800000, 0x0000000613c00000|  0%| F|  |TAMS 0x0000000613800000| PB 0x0000000613800000| Untracked 
|  56|0x0000000613c00000, 0x0000000613c00000, 0x0000000614000000|  0%| F|  |TAMS 0x0000000613c00000| PB 0x0000000613c00000| Untracked 
|  57|0x0000000614000000, 0x0000000614000000, 0x0000000614400000|  0%| F|  |TAMS 0x0000000614000000| PB 0x0000000614000000| Untracked 
|  58|0x0000000614400000, 0x0000000614400000, 0x0000000614800000|  0%| F|  |TAMS 0x0000000614400000| PB 0x0000000614400000| Untracked 
|  59|0x0000000614800000, 0x0000000614800000, 0x0000000614c00000|  0%| F|  |TAMS 0x0000000614800000| PB 0x0000000614800000| Untracked 
|  60|0x0000000614c00000, 0x0000000614c00000, 0x0000000615000000|  0%| F|  |TAMS 0x0000000614c00000| PB 0x0000000614c00000| Untracked 
|  61|0x0000000615000000, 0x0000000615000000, 0x0000000615400000|  0%| F|  |TAMS 0x0000000615000000| PB 0x0000000615000000| Untracked 
|  62|0x0000000615400000, 0x0000000615400000, 0x0000000615800000|  0%| F|  |TAMS 0x0000000615400000| PB 0x0000000615400000| Untracked 
|  63|0x0000000615800000, 0x0000000615800000, 0x0000000615c00000|  0%| F|  |TAMS 0x0000000615800000| PB 0x0000000615800000| Untracked 
|  64|0x0000000615c00000, 0x0000000615c00000, 0x0000000616000000|  0%| F|  |TAMS 0x0000000615c00000| PB 0x0000000615c00000| Untracked 
|  65|0x0000000616000000, 0x0000000616000000, 0x0000000616400000|  0%| F|  |TAMS 0x0000000616000000| PB 0x0000000616000000| Untracked 
|  66|0x0000000616400000, 0x0000000616400000, 0x0000000616800000|  0%| F|  |TAMS 0x0000000616400000| PB 0x0000000616400000| Untracked 
|  67|0x0000000616800000, 0x0000000616800000, 0x0000000616c00000|  0%| F|  |TAMS 0x0000000616800000| PB 0x0000000616800000| Untracked 
|  68|0x0000000616c00000, 0x0000000616c00000, 0x0000000617000000|  0%| F|  |TAMS 0x0000000616c00000| PB 0x0000000616c00000| Untracked 
|  69|0x0000000617000000, 0x0000000617000000, 0x0000000617400000|  0%| F|  |TAMS 0x0000000617000000| PB 0x0000000617000000| Untracked 
|  70|0x0000000617400000, 0x0000000617400000, 0x0000000617800000|  0%| F|  |TAMS 0x0000000617400000| PB 0x0000000617400000| Untracked 
|  71|0x0000000617800000, 0x0000000617800000, 0x0000000617c00000|  0%| F|  |TAMS 0x0000000617800000| PB 0x0000000617800000| Untracked 
|  72|0x0000000617c00000, 0x0000000617c00000, 0x0000000618000000|  0%| F|  |TAMS 0x0000000617c00000| PB 0x0000000617c00000| Untracked 
|  73|0x0000000618000000, 0x0000000618000000, 0x0000000618400000|  0%| F|  |TAMS 0x0000000618000000| PB 0x0000000618000000| Untracked 
|  74|0x0000000618400000, 0x0000000618400000, 0x0000000618800000|  0%| F|  |TAMS 0x0000000618400000| PB 0x0000000618400000| Untracked 
|  75|0x0000000618800000, 0x0000000618800000, 0x0000000618c00000|  0%| F|  |TAMS 0x0000000618800000| PB 0x0000000618800000| Untracked 
|  76|0x0000000618c00000, 0x0000000618c00000, 0x0000000619000000|  0%| F|  |TAMS 0x0000000618c00000| PB 0x0000000618c00000| Untracked 
|  77|0x0000000619000000, 0x0000000619000000, 0x0000000619400000|  0%| F|  |TAMS 0x0000000619000000| PB 0x0000000619000000| Untracked 
|  78|0x0000000619400000, 0x0000000619400000, 0x0000000619800000|  0%| F|  |TAMS 0x0000000619400000| PB 0x0000000619400000| Untracked 
|  79|0x0000000619800000, 0x0000000619800000, 0x0000000619c00000|  0%| F|  |TAMS 0x0000000619800000| PB 0x0000000619800000| Untracked 
|  80|0x0000000619c00000, 0x0000000619c00000, 0x000000061a000000|  0%| F|  |TAMS 0x0000000619c00000| PB 0x0000000619c00000| Untracked 
|  81|0x000000061a000000, 0x000000061a000000, 0x000000061a400000|  0%| F|  |TAMS 0x000000061a000000| PB 0x000000061a000000| Untracked 
|  82|0x000000061a400000, 0x000000061a400000, 0x000000061a800000|  0%| F|  |TAMS 0x000000061a400000| PB 0x000000061a400000| Untracked 
|  83|0x000000061a800000, 0x000000061a800000, 0x000000061ac00000|  0%| F|  |TAMS 0x000000061a800000| PB 0x000000061a800000| Untracked 
|  84|0x000000061ac00000, 0x000000061ac00000, 0x000000061b000000|  0%| F|  |TAMS 0x000000061ac00000| PB 0x000000061ac00000| Untracked 
|  85|0x000000061b000000, 0x000000061b000000, 0x000000061b400000|  0%| F|  |TAMS 0x000000061b000000| PB 0x000000061b000000| Untracked 
|  86|0x000000061b400000, 0x000000061b400000, 0x000000061b800000|  0%| F|  |TAMS 0x000000061b400000| PB 0x000000061b400000| Untracked 
|  87|0x000000061b800000, 0x000000061b800000, 0x000000061bc00000|  0%| F|  |TAMS 0x000000061b800000| PB 0x000000061b800000| Untracked 
|  88|0x000000061bc00000, 0x000000061bc00000, 0x000000061c000000|  0%| F|  |TAMS 0x000000061bc00000| PB 0x000000061bc00000| Untracked 
|  89|0x000000061c000000, 0x000000061c000000, 0x000000061c400000|  0%| F|  |TAMS 0x000000061c000000| PB 0x000000061c000000| Untracked 
|  90|0x000000061c400000, 0x000000061c400000, 0x000000061c800000|  0%| F|  |TAMS 0x000000061c400000| PB 0x000000061c400000| Untracked 
|  91|0x000000061c800000, 0x000000061c800000, 0x000000061cc00000|  0%| F|  |TAMS 0x000000061c800000| PB 0x000000061c800000| Untracked 
|  92|0x000000061cc00000, 0x000000061cc00000, 0x000000061d000000|  0%| F|  |TAMS 0x000000061cc00000| PB 0x000000061cc00000| Untracked 
|  93|0x000000061d000000, 0x000000061d000000, 0x000000061d400000|  0%| F|  |TAMS 0x000000061d000000| PB 0x000000061d000000| Untracked 
|  94|0x000000061d400000, 0x000000061d400000, 0x000000061d800000|  0%| F|  |TAMS 0x000000061d400000| PB 0x000000061d400000| Untracked 
|  95|0x000000061d800000, 0x000000061d800000, 0x000000061dc00000|  0%| F|  |TAMS 0x000000061d800000| PB 0x000000061d800000| Untracked 
|  96|0x000000061dc00000, 0x000000061dc00000, 0x000000061e000000|  0%| F|  |TAMS 0x000000061dc00000| PB 0x000000061dc00000| Untracked 
|  97|0x000000061e000000, 0x000000061e000000, 0x000000061e400000|  0%| F|  |TAMS 0x000000061e000000| PB 0x000000061e000000| Untracked 
|  98|0x000000061e400000, 0x000000061e400000, 0x000000061e800000|  0%| F|  |TAMS 0x000000061e400000| PB 0x000000061e400000| Untracked 
|  99|0x000000061e800000, 0x000000061e800000, 0x000000061ec00000|  0%| F|  |TAMS 0x000000061e800000| PB 0x000000061e800000| Untracked 
| 100|0x000000061ec00000, 0x000000061ec00000, 0x000000061f000000|  0%| F|  |TAMS 0x000000061ec00000| PB 0x000000061ec00000| Untracked 
| 101|0x000000061f000000, 0x000000061f000000, 0x000000061f400000|  0%| F|  |TAMS 0x000000061f000000| PB 0x000000061f000000| Untracked 
| 102|0x000000061f400000, 0x000000061f400000, 0x000000061f800000|  0%| F|  |TAMS 0x000000061f400000| PB 0x000000061f400000| Untracked 
| 103|0x000000061f800000, 0x000000061f800000, 0x000000061fc00000|  0%| F|  |TAMS 0x000000061f800000| PB 0x000000061f800000| Untracked 
| 104|0x000000061fc00000, 0x000000061fc00000, 0x0000000620000000|  0%| F|  |TAMS 0x000000061fc00000| PB 0x000000061fc00000| Untracked 
| 105|0x0000000620000000, 0x0000000620000000, 0x0000000620400000|  0%| F|  |TAMS 0x0000000620000000| PB 0x0000000620000000| Untracked 
| 106|0x0000000620400000, 0x0000000620400000, 0x0000000620800000|  0%| F|  |TAMS 0x0000000620400000| PB 0x0000000620400000| Untracked 
| 107|0x0000000620800000, 0x0000000620800000, 0x0000000620c00000|  0%| F|  |TAMS 0x0000000620800000| PB 0x0000000620800000| Untracked 
| 108|0x0000000620c00000, 0x0000000620c00000, 0x0000000621000000|  0%| F|  |TAMS 0x0000000620c00000| PB 0x0000000620c00000| Untracked 
| 109|0x0000000621000000, 0x0000000621000000, 0x0000000621400000|  0%| F|  |TAMS 0x0000000621000000| PB 0x0000000621000000| Untracked 
| 110|0x0000000621400000, 0x0000000621400000, 0x0000000621800000|  0%| F|  |TAMS 0x0000000621400000| PB 0x0000000621400000| Untracked 
| 111|0x0000000621800000, 0x0000000621800000, 0x0000000621c00000|  0%| F|  |TAMS 0x0000000621800000| PB 0x0000000621800000| Untracked 
| 112|0x0000000621c00000, 0x0000000621c00000, 0x0000000622000000|  0%| F|  |TAMS 0x0000000621c00000| PB 0x0000000621c00000| Untracked 
| 113|0x0000000622000000, 0x0000000622000000, 0x0000000622400000|  0%| F|  |TAMS 0x0000000622000000| PB 0x0000000622000000| Untracked 
| 114|0x0000000622400000, 0x0000000622400000, 0x0000000622800000|  0%| F|  |TAMS 0x0000000622400000| PB 0x0000000622400000| Untracked 
| 115|0x0000000622800000, 0x0000000622800000, 0x0000000622c00000|  0%| F|  |TAMS 0x0000000622800000| PB 0x0000000622800000| Untracked 
| 116|0x0000000622c00000, 0x0000000622c00000, 0x0000000623000000|  0%| F|  |TAMS 0x0000000622c00000| PB 0x0000000622c00000| Untracked 
| 117|0x0000000623000000, 0x0000000623000000, 0x0000000623400000|  0%| F|  |TAMS 0x0000000623000000| PB 0x0000000623000000| Untracked 
| 118|0x0000000623400000, 0x0000000623400000, 0x0000000623800000|  0%| F|  |TAMS 0x0000000623400000| PB 0x0000000623400000| Untracked 
| 119|0x0000000623800000, 0x0000000623800000, 0x0000000623c00000|  0%| F|  |TAMS 0x0000000623800000| PB 0x0000000623800000| Untracked 
| 120|0x0000000623c00000, 0x0000000623c00000, 0x0000000624000000|  0%| F|  |TAMS 0x0000000623c00000| PB 0x0000000623c00000| Untracked 
| 121|0x0000000624000000, 0x0000000624000000, 0x0000000624400000|  0%| F|  |TAMS 0x0000000624000000| PB 0x0000000624000000| Untracked 
| 122|0x0000000624400000, 0x0000000624670168, 0x0000000624800000| 60%| E|  |TAMS 0x0000000624400000| PB 0x0000000624400000| Complete 
| 123|0x0000000624800000, 0x0000000624c00000, 0x0000000624c00000|100%| E|CS|TAMS 0x0000000624800000| PB 0x0000000624800000| Complete 
| 124|0x0000000624c00000, 0x0000000625000000, 0x0000000625000000|100%| E|  |TAMS 0x0000000624c00000| PB 0x0000000624c00000| Complete 
| 125|0x0000000625000000, 0x0000000625400000, 0x0000000625400000|100%| E|CS|TAMS 0x0000000625000000| PB 0x0000000625000000| Complete 
| 126|0x0000000625400000, 0x0000000625800000, 0x0000000625800000|100%| E|CS|TAMS 0x0000000625400000| PB 0x0000000625400000| Complete 

Card table byte_map: [0x000001a9f7330000,0x000001a9f8310000] _byte_map_base: 0x000001a9f4302000

Marking Bits: (CMBitMap*) 0x000001a9f1b214e0
 Bits: [0x000001a98f000000, 0x000001a996e90000)

Polling page: 0x000001a9efc50000

Metaspace:

Usage:
  Non-class:      8.03 MB used.
      Class:      1.04 MB used.
       Both:      9.07 MB used.

Virtual space:
  Non-class space:       64.00 MB reserved,       8.19 MB ( 13%) committed,  1 nodes.
      Class space:        1.00 GB reserved,       1.12 MB ( <1%) committed,  1 nodes.
             Both:        1.06 GB reserved,       9.31 MB ( <1%) committed. 

Chunk freelists:
   Non-Class:  6.89 MB
       Class:  14.69 MB
        Both:  21.58 MB

MaxMetaspaceSize: unlimited
CompressedClassSpaceSize: 1.00 GB
Initial GC threshold: 21.00 MB
Current GC threshold: 21.00 MB
CDS: on
 - commit_granule_bytes: 65536.
 - commit_granule_words: 8192.
 - virtual_space_node_default_size: 8388608.
 - enlarge_chunks_in_place: 1.
 - use_allocation_guard: 0.


Internal statistics:

num_allocs_failed_limit: 0.
num_arena_births: 244.
num_arena_deaths: 0.
num_vsnodes_births: 2.
num_vsnodes_deaths: 0.
num_space_committed: 149.
num_space_uncommitted: 0.
num_chunks_returned_to_freelist: 0.
num_chunks_taken_from_freelist: 410.
num_chunk_merges: 0.
num_chunk_splits: 242.
num_chunks_enlarged: 119.
num_inconsistent_stats: 0.

CodeHeap 'non-profiled nmethods': size=119168Kb used=426Kb max_used=426Kb free=118741Kb
 bounds [0x000001a987ba0000, 0x000001a987e10000, 0x000001a98f000000]
CodeHeap 'profiled nmethods': size=119104Kb used=2141Kb max_used=2141Kb free=116962Kb
 bounds [0x000001a980000000, 0x000001a980270000, 0x000001a987450000]
CodeHeap 'non-nmethods': size=7488Kb used=1433Kb max_used=2582Kb free=6055Kb
 bounds [0x000001a987450000, 0x000001a9876e0000, 0x000001a987ba0000]
 total_blobs=1808 nmethods=1289 adapters=424
 compilation: enabled
              stopped_count=0, restarted_count=0
 full_count=0

Compilation events (20 events):
Event: 1.685 Thread 0x000001a9dc147a80 1280       3       jdk.internal.org.objectweb.asm.FieldVisitor::<init> (7 bytes)
Event: 1.685 Thread 0x000001a9dc147a80 nmethod 1280 0x000001a980211f90 code [0x000001a980212140, 0x000001a980212288]
Event: 1.685 Thread 0x000001a9dc032970 nmethod 1279 0x000001a980212310 code [0x000001a980212500, 0x000001a9802128c0]
Event: 1.685 Thread 0x000001a9dc147a80 1281       3       jdk.internal.org.objectweb.asm.FieldVisitor::<init> (78 bytes)
Event: 1.685 Thread 0x000001a9dc032970 1282       3       jdk.internal.org.objectweb.asm.FieldWriter::visitEnd (1 bytes)
Event: 1.685 Thread 0x000001a9dc032970 nmethod 1282 0x000001a980212a90 code [0x000001a980212c20, 0x000001a980212d28]
Event: 1.685 Thread 0x000001a9dc032970 1283   !   3       java.lang.invoke.MethodHandleNatives::linkMethodHandleConstant (50 bytes)
Event: 1.685 Thread 0x000001a9dc147a80 nmethod 1281 0x000001a980212d90 code [0x000001a980212fc0, 0x000001a980213760]
Event: 1.685 Thread 0x000001a9dc147a80 1284       3       java.lang.invoke.MethodHandles$Lookup::linkMethodHandleConstant (223 bytes)
Event: 1.686 Thread 0x000001a9dc032970 nmethod 1283 0x000001a980213a10 code [0x000001a980213be0, 0x000001a980213de8]
Event: 1.686 Thread 0x000001a9dc33de80 1285       4       java.lang.Class::getClassLoader (28 bytes)
Event: 1.686 Thread 0x000001a9dc33de80 nmethod 1285 0x000001a987c09610 code [0x000001a987c097a0, 0x000001a987c09840]
Event: 1.686 Thread 0x000001a9dc147a80 nmethod 1284 0x000001a980213f90 code [0x000001a980214380, 0x000001a980215b60]
Event: 1.687 Thread 0x000001a9dc032970 1286       3       java.util.concurrent.locks.AbstractQueuedSynchronizer::signalNext (34 bytes)
Event: 1.687 Thread 0x000001a9dc01d270 nmethod 1277 0x000001a987c09910 code [0x000001a987c09b20, 0x000001a987c09f48]
Event: 1.687 Thread 0x000001a9dc032970 nmethod 1286 0x000001a980216310 code [0x000001a980216500, 0x000001a980216990]
Event: 1.687 Thread 0x000001a9dc032970 1287       3       java.nio.MappedByteBuffer::limit (6 bytes)
Event: 1.687 Thread 0x000001a9dc032970 nmethod 1287 0x000001a980216b10 code [0x000001a980216cc0, 0x000001a980216ed0]
Event: 1.687 Thread 0x000001a9dc032970 1288       1       java.util.concurrent.atomic.AtomicInteger::get (5 bytes)
Event: 1.687 Thread 0x000001a9dc032970 nmethod 1288 0x000001a987c0a290 code [0x000001a987c0a420, 0x000001a987c0a4e8]

GC Heap History (0 events):
No events

Dll operation events (2 events):
Event: 0.010 Loaded shared library C:\Program Files\JetBrains\IntelliJ IDEA Community Edition 2025.1.3\jbr\bin\java.dll
Event: 0.253 Loaded shared library C:\Program Files\JetBrains\IntelliJ IDEA Community Edition 2025.1.3\jbr\bin\zip.dll

Deoptimization events (20 events):
Event: 1.647 Thread 0x000001a9dca13120 Uncommon trap: trap_request=0xffffff66 fr.pc=0x000001a987bfc874 relative=0x0000000000000314
Event: 1.647 Thread 0x000001a9dca13120 Uncommon trap: reason=speculate_class_check action=maybe_recompile pc=0x000001a987bfc874 method=sun.security.util.math.intpoly.IntegerPolynomial.multByInt([JJ)V @ 26 c2
Event: 1.647 Thread 0x000001a9dca13120 DEOPT PACKING pc=0x000001a987bfc874 sp=0x00000050cdcfe160
Event: 1.647 Thread 0x000001a9dca13120 DEOPT UNPACKING pc=0x000001a9874a46a2 sp=0x00000050cdcfe048 mode 2
Event: 1.647 Thread 0x000001a9dca13120 Uncommon trap: trap_request=0xffffff66 fr.pc=0x000001a987bfc874 relative=0x0000000000000314
Event: 1.647 Thread 0x000001a9dca13120 Uncommon trap: reason=speculate_class_check action=maybe_recompile pc=0x000001a987bfc874 method=sun.security.util.math.intpoly.IntegerPolynomial.multByInt([JJ)V @ 26 c2
Event: 1.647 Thread 0x000001a9dca13120 DEOPT PACKING pc=0x000001a987bfc874 sp=0x00000050cdcfe160
Event: 1.647 Thread 0x000001a9dca13120 DEOPT UNPACKING pc=0x000001a9874a46a2 sp=0x00000050cdcfe048 mode 2
Event: 1.647 Thread 0x000001a9dca13120 Uncommon trap: trap_request=0xffffff66 fr.pc=0x000001a987bfd1f4 relative=0x0000000000000314
Event: 1.647 Thread 0x000001a9dca13120 Uncommon trap: reason=speculate_class_check action=maybe_recompile pc=0x000001a987bfd1f4 method=sun.security.util.math.intpoly.IntegerPolynomial.multByInt([JJ)V @ 26 c2
Event: 1.647 Thread 0x000001a9dca13120 DEOPT PACKING pc=0x000001a987bfd1f4 sp=0x00000050cdcfe0f0
Event: 1.647 Thread 0x000001a9dca13120 DEOPT UNPACKING pc=0x000001a9874a46a2 sp=0x00000050cdcfe040 mode 2
Event: 1.647 Thread 0x000001a9dca13120 Uncommon trap: trap_request=0xffffff66 fr.pc=0x000001a987bfd1f4 relative=0x0000000000000314
Event: 1.647 Thread 0x000001a9dca13120 Uncommon trap: reason=speculate_class_check action=maybe_recompile pc=0x000001a987bfd1f4 method=sun.security.util.math.intpoly.IntegerPolynomial.multByInt([JJ)V @ 26 c2
Event: 1.647 Thread 0x000001a9dca13120 DEOPT PACKING pc=0x000001a987bfd1f4 sp=0x00000050cdcfe0f0
Event: 1.647 Thread 0x000001a9dca13120 DEOPT UNPACKING pc=0x000001a9874a46a2 sp=0x00000050cdcfe040 mode 2
Event: 1.687 Thread 0x000001a9dc9021e0 Uncommon trap: trap_request=0xffffff45 fr.pc=0x000001a987bf445c relative=0x0000000000000a1c
Event: 1.687 Thread 0x000001a9dc9021e0 Uncommon trap: reason=unstable_if action=reinterpret pc=0x000001a987bf445c method=java.util.HashMap.putVal(ILjava/lang/Object;Ljava/lang/Object;ZZ)Ljava/lang/Object; @ 81 c2
Event: 1.687 Thread 0x000001a9dc9021e0 DEOPT PACKING pc=0x000001a987bf445c sp=0x00000050cdaff1b0
Event: 1.687 Thread 0x000001a9dc9021e0 DEOPT UNPACKING pc=0x000001a9874a46a2 sp=0x00000050cdaff180 mode 2

Classes loaded (20 events):
Event: 1.666 Loading class sun/security/ssl/SSLBasicKeyDerivation done
Event: 1.666 Loading class sun/security/ssl/SSLBasicKeyDerivation$SecretSizeSpec
Event: 1.666 Loading class sun/security/ssl/SSLBasicKeyDerivation$SecretSizeSpec done
Event: 1.666 Loading class jdk/internal/event/TLSHandshakeEvent
Event: 1.667 Loading class jdk/internal/event/TLSHandshakeEvent done
Event: 1.667 Loading class com/sun/crypto/provider/GaloisCounterMode$GCMEncrypt
Event: 1.667 Loading class com/sun/crypto/provider/GaloisCounterMode$GCMEncrypt done
Event: 1.667 Loading class com/sun/crypto/provider/GaloisCounterMode$EncryptOp
Event: 1.667 Loading class com/sun/crypto/provider/GaloisCounterMode$EncryptOp done
Event: 1.667 Loading class sun/security/ssl/CipherSuite$1
Event: 1.667 Loading class sun/security/ssl/CipherSuite$1 done
Event: 1.668 Loading class java/util/concurrent/CompletionException
Event: 1.668 Loading class java/util/concurrent/CompletionException done
Event: 1.682 Loading class java/util/Collections$UnmodifiableMap$UnmodifiableEntrySet
Event: 1.682 Loading class java/util/Collections$UnmodifiableMap$UnmodifiableEntrySet done
Event: 1.682 Loading class java/util/Collections$UnmodifiableMap$UnmodifiableEntrySet$1
Event: 1.682 Loading class java/util/Collections$UnmodifiableMap$UnmodifiableEntrySet$1 done
Event: 1.682 Loading class java/util/Collections$UnmodifiableMap$UnmodifiableEntrySet$UnmodifiableEntry
Event: 1.682 Loading class java/util/Collections$UnmodifiableMap$UnmodifiableEntrySet$UnmodifiableEntry done
Event: 1.688 Loading class sun/security/ssl/NewSessionTicket$T13NewSessionTicketMessage

Classes unloaded (0 events):
No events

Classes redefined (0 events):
No events

Internal exceptions (20 events):
Event: 0.419 Thread 0x000001a9f1a7ba30 Exception <a 'java/lang/NoSuchMethodError'{0x0000000624c339f8}: 'int java.lang.invoke.DirectMethodHandle$Holder.invokeStaticInit(java.lang.Object, float, float)'> (0x0000000624c339f8) 
thrown [s\src\hotspot\share\interpreter\linkResolver.cpp, line 784]
Event: 0.419 Thread 0x000001a9f1a7ba30 Exception <a 'java/lang/NoSuchMethodError'{0x0000000624c3a488}: 'int java.lang.invoke.DirectMethodHandle$Holder.invokeStaticInit(java.lang.Object, double, double)'> (0x0000000624c3a488) 
thrown [s\src\hotspot\share\interpreter\linkResolver.cpp, line 784]
Event: 0.419 Thread 0x000001a9f1a7ba30 Exception <a 'java/lang/NoSuchMethodError'{0x0000000624c3eb10}: 'int java.lang.invoke.DirectMethodHandle$Holder.invokeStatic(java.lang.Object, long)'> (0x0000000624c3eb10) 
thrown [s\src\hotspot\share\interpreter\linkResolver.cpp, line 784]
Event: 0.422 Thread 0x000001a9f1a7ba30 Exception <a 'java/lang/NoSuchMethodError'{0x0000000624c68688}: 'java.lang.Object java.lang.invoke.DirectMethodHandle$Holder.invokeSpecial(java.lang.Object, java.lang.Object, int, java.lang.Object, java.lang.Object)'> (0x0000000624c68688) 
thrown [s\src\hotspot\share\interpreter\linkResolver.cpp, line 784]
Event: 0.423 Thread 0x000001a9f1a7ba30 Exception <a 'java/lang/NoSuchMethodError'{0x0000000624c6c018}: 'java.lang.Object java.lang.invoke.DelegatingMethodHandle$Holder.delegate(java.lang.Object, int, java.lang.Object, java.lang.Object)'> (0x0000000624c6c018) 
thrown [s\src\hotspot\share\interpreter\linkResolver.cpp, line 784]
Event: 0.424 Thread 0x000001a9f1a7ba30 Exception <a 'java/lang/NoSuchMethodError'{0x0000000624c7ba10}: 'int java.lang.invoke.Invokers$Holder.linkToTargetMethod(java.lang.Object, java.lang.Object, java.lang.Object)'> (0x0000000624c7ba10) 
thrown [s\src\hotspot\share\interpreter\linkResolver.cpp, line 784]
Event: 0.426 Thread 0x000001a9f1a7ba30 Exception <a 'java/lang/NoSuchMethodError'{0x0000000624cad698}: 'long java.lang.invoke.DirectMethodHandle$Holder.invokeSpecial(java.lang.Object, java.lang.Object)'> (0x0000000624cad698) 
thrown [s\src\hotspot\share\interpreter\linkResolver.cpp, line 784]
Event: 0.427 Thread 0x000001a9f1a7ba30 Exception <a 'java/lang/NoSuchMethodError'{0x0000000624cb3f68}: 'int java.lang.invoke.DirectMethodHandle$Holder.invokeStatic(java.lang.Object, java.lang.Object, java.lang.Object, java.lang.Object)'> (0x0000000624cb3f68) 
thrown [s\src\hotspot\share\interpreter\linkResolver.cpp, line 784]
Event: 0.427 Thread 0x000001a9f1a7ba30 Exception <a 'java/lang/NoSuchMethodError'{0x0000000624cb7388}: 'java.lang.Object java.lang.invoke.Invokers$Holder.invokeExact_MT(java.lang.Object, java.lang.Object, java.lang.Object, java.lang.Object, java.lang.Object, java.lang.Object)'> (0x0000000624cb7388) 
thrown [s\src\hotspot\share\interpreter\linkResolver.cpp, line 784]
Event: 0.497 Thread 0x000001a9f1a7ba30 Exception <a 'java/lang/NoSuchMethodError'{0x0000000624ee1488}: 'java.lang.Object java.lang.invoke.DirectMethodHandle$Holder.newInvokeSpecial(java.lang.Object, java.lang.Object, java.lang.Object, java.lang.Object, java.lang.Object)'> (0x0000000624ee1488) 
thrown [s\src\hotspot\share\interpreter\linkResolver.cpp, line 784]
Event: 0.517 Thread 0x000001a9f1a7ba30 Exception <a 'java/lang/NoSuchMethodError'{0x00000006248e5038}: 'java.lang.Object java.lang.invoke.DirectMethodHandle$Holder.invokeSpecial(java.lang.Object, java.lang.Object, java.lang.Object, java.lang.Object, int)'> (0x00000006248e5038) 
thrown [s\src\hotspot\share\interpreter\linkResolver.cpp, line 784]
Event: 0.517 Thread 0x000001a9f1a7ba30 Exception <a 'java/lang/NoSuchMethodError'{0x00000006248e89a0}: 'java.lang.Object java.lang.invoke.Invokers$Holder.linkToTargetMethod(java.lang.Object, java.lang.Object, int, java.lang.Object)'> (0x00000006248e89a0) 
thrown [s\src\hotspot\share\interpreter\linkResolver.cpp, line 784]
Event: 0.523 Thread 0x000001a9f1a7ba30 Exception <a 'java/lang/NoSuchMethodError'{0x0000000624917f30}: 'void java.lang.invoke.DirectMethodHandle$Holder.invokeSpecial(java.lang.Object, java.lang.Object, java.lang.Object)'> (0x0000000624917f30) 
thrown [s\src\hotspot\share\interpreter\linkResolver.cpp, line 784]
Event: 0.532 Thread 0x000001a9dc9021e0 Exception <a 'java/lang/NoSuchMethodError'{0x0000000624f09938}: 'void java.lang.invoke.DirectMethodHandle$Holder.invokeStatic(java.lang.Object, java.lang.Object, int)'> (0x0000000624f09938) 
thrown [s\src\hotspot\share\interpreter\linkResolver.cpp, line 784]
Event: 0.533 Thread 0x000001a9f1a7ba30 Exception <a 'java/lang/NoSuchMethodError'{0x00000006249a7788}: 'void java.lang.invoke.DirectMethodHandle$Holder.invokeSpecial(java.lang.Object, java.lang.Object, java.lang.Object, java.lang.Object, java.lang.Object)'> (0x00000006249a7788) 
thrown [s\src\hotspot\share\interpreter\linkResolver.cpp, line 784]
Event: 0.539 Thread 0x000001a9dc9021e0 Exception <a 'java/lang/NoSuchMethodError'{0x0000000624f43dc8}: 'void java.lang.invoke.DirectMethodHandle$Holder.invokeStatic(java.lang.Object, java.lang.Object)'> (0x0000000624f43dc8) 
thrown [s\src\hotspot\share\interpreter\linkResolver.cpp, line 784]
Event: 0.540 Thread 0x000001a9dca13120 Exception <a 'java/lang/NoSuchMethodError'{0x0000000624a252e0}: 'void java.lang.invoke.DirectMethodHandle$Holder.invokeInterface(java.lang.Object, java.lang.Object, java.lang.Object)'> (0x0000000624a252e0) 
thrown [s\src\hotspot\share\interpreter\linkResolver.cpp, line 784]
Event: 0.545 Thread 0x000001a9dca13120 Exception <a 'java/lang/NoSuchMethodError'{0x0000000624a74d78}: 'void java.lang.invoke.DirectMethodHandle$Holder.invokeVirtual(java.lang.Object, java.lang.Object)'> (0x0000000624a74d78) 
thrown [s\src\hotspot\share\interpreter\linkResolver.cpp, line 784]
Event: 0.621 Thread 0x000001a9dca13120 Exception <a 'java/lang/NoSuchMethodError'{0x000000062448f810}: 'void java.lang.invoke.DirectMethodHandle$Holder.invokeInterface(java.lang.Object, java.lang.Object)'> (0x000000062448f810) 
thrown [s\src\hotspot\share\interpreter\linkResolver.cpp, line 784]
Event: 1.667 Thread 0x000001a9dca13120 Exception <a 'java/lang/NoSuchMethodError'{0x00000006245070e8}: 'void java.lang.invoke.DirectMethodHandle$Holder.invokeStatic(java.lang.Object, java.lang.Object, java.lang.Object, java.lang.Object)'> (0x00000006245070e8) 
thrown [s\src\hotspot\share\interpreter\linkResolver.cpp, line 784]

ZGC Phase Switch (0 events):
No events

VM Operations (13 events):
Event: 0.281 Executing VM operation: HandshakeAllThreads (Deoptimize)
Event: 0.282 Executing VM operation: HandshakeAllThreads (Deoptimize) done
Event: 0.285 Executing VM operation: HandshakeAllThreads (Deoptimize)
Event: 0.285 Executing VM operation: HandshakeAllThreads (Deoptimize) done
Event: 0.375 Executing VM operation: HandshakeAllThreads (Deoptimize)
Event: 0.375 Executing VM operation: HandshakeAllThreads (Deoptimize) done
Event: 0.534 Executing VM operation: HandshakeAllThreads (Deoptimize)
Event: 0.534 Executing VM operation: HandshakeAllThreads (Deoptimize) done
Event: 0.588 Executing VM operation: ICBufferFull
Event: 0.588 Executing VM operation: ICBufferFull done
Event: 1.595 Executing VM operation: Cleanup
Event: 1.646 Executing VM operation: Cleanup done
Event: 2.659 Executing VM operation: Cleanup

Memory protections (0 events):
No events

Nmethod flushes (0 events):
No events

Events (20 events):
Event: 0.260 Thread 0x000001a9f1a7ba30 Thread added: 0x000001a9dc032970
Event: 0.267 Thread 0x000001a9dc032970 Thread added: 0x000001a9dc147a80
Event: 0.269 Thread 0x000001a9f1a7ba30 Thread added: 0x000001a9dc18a610
Event: 0.271 Thread 0x000001a9f1a7ba30 Thread added: 0x000001a9dc190270
Event: 0.274 Loaded shared library C:\Program Files\JetBrains\IntelliJ IDEA Community Edition 2025.1.3\jbr\bin\net.dll
Event: 0.277 Loaded shared library C:\Program Files\JetBrains\IntelliJ IDEA Community Edition 2025.1.3\jbr\bin\nio.dll
Event: 0.279 Loaded shared library C:\Program Files\JetBrains\IntelliJ IDEA Community Edition 2025.1.3\jbr\bin\zip.dll
Event: 0.308 Loaded shared library C:\Program Files\JetBrains\IntelliJ IDEA Community Edition 2025.1.3\jbr\bin\jimage.dll
Event: 0.382 Thread 0x000001a9dc147a80 Thread added: 0x000001a9dc7ca8c0
Event: 0.382 Thread 0x000001a9dc7ca8c0 Thread added: 0x000001a9dc33de80
Event: 0.458 Loaded shared library C:\Program Files\JetBrains\IntelliJ IDEA Community Edition 2025.1.3\jbr\bin\sunmscapi.dll
Event: 0.489 Loaded shared library C:\Program Files\JetBrains\IntelliJ IDEA Community Edition 2025.1.3\jbr\bin\extnet.dll
Event: 0.494 Thread 0x000001a9f1a7ba30 Thread added: 0x000001a9dc9021e0
Event: 0.538 Thread 0x000001a9dc9021e0 Thread added: 0x000001a9dca13120
Event: 0.549 Thread 0x000001a9dc9021e0 Thread added: 0x000001a9dc960510
Event: 0.576 Thread 0x000001a9dc7ca8c0 Thread added: 0x000001a9dc33bc70
Event: 0.576 Thread 0x000001a9dc7ca8c0 Thread added: 0x000001a9dc33d7b0
Event: 0.579 Thread 0x000001a9dc01d270 Thread added: 0x000001a9dc33b5a0
Event: 1.646 Thread 0x000001a9dc33b5a0 Thread exited: 0x000001a9dc33b5a0
Event: 1.646 Thread 0x000001a9dc7ca8c0 Thread exited: 0x000001a9dc7ca8c0


Dynamic libraries:
0x00007ff659480000 - 0x00007ff65948a000 	C:\Program Files\JetBrains\IntelliJ IDEA Community Edition 2025.1.3\jbr\bin\java.exe
0x00007ffb71240000 - 0x00007ffb714a7000 	C:\WINDOWS\SYSTEM32\ntdll.dll
0x00007ffb6fda0000 - 0x00007ffb6fe69000 	C:\WINDOWS\System32\KERNEL32.DLL
0x00007ffb6e370000 - 0x00007ffb6e760000 	C:\WINDOWS\System32\KERNELBASE.dll
0x00007ffb6e980000 - 0x00007ffb6eacb000 	C:\WINDOWS\System32\ucrtbase.dll
0x00007ffb5c960000 - 0x00007ffb5c97b000 	C:\Program Files\JetBrains\IntelliJ IDEA Community Edition 2025.1.3\jbr\bin\VCRUNTIME140.dll
0x00007ffb18010000 - 0x00007ffb18028000 	C:\Program Files\JetBrains\IntelliJ IDEA Community Edition 2025.1.3\jbr\bin\jli.dll
0x00007ffb71030000 - 0x00007ffb711f5000 	C:\WINDOWS\System32\USER32.dll
0x00007ffb6ed00000 - 0x00007ffb6ed27000 	C:\WINDOWS\System32\win32u.dll
0x00007ffb6efd0000 - 0x00007ffb6effb000 	C:\WINDOWS\System32\GDI32.dll
0x00007ffb6ed30000 - 0x00007ffb6ee68000 	C:\WINDOWS\System32\gdi32full.dll
0x00007ffb6ec50000 - 0x00007ffb6ecf3000 	C:\WINDOWS\System32\msvcp_win.dll
0x00007ffb55580000 - 0x00007ffb5581a000 	C:\WINDOWS\WinSxS\amd64_microsoft.windows.common-controls_6595b64144ccf1df_6.0.26100.4768_none_3e0c112ce331287c\COMCTL32.dll
0x00007ffb70010000 - 0x00007ffb700b9000 	C:\WINDOWS\System32\msvcrt.dll
0x00007ffb6fc40000 - 0x00007ffb6fc6f000 	C:\WINDOWS\System32\IMM32.DLL
0x00007ffb62160000 - 0x00007ffb6216c000 	C:\Program Files\JetBrains\IntelliJ IDEA Community Edition 2025.1.3\jbr\bin\vcruntime140_1.dll
0x00007ffab3170000 - 0x00007ffab31fd000 	C:\Program Files\JetBrains\IntelliJ IDEA Community Edition 2025.1.3\jbr\bin\msvcp140.dll
0x00007ffaabc00000 - 0x00007ffaac9c1000 	C:\Program Files\JetBrains\IntelliJ IDEA Community Edition 2025.1.3\jbr\bin\server\jvm.dll
0x00007ffb70330000 - 0x00007ffb703e4000 	C:\WINDOWS\System32\ADVAPI32.dll
0x00007ffb6f000000 - 0x00007ffb6f0a6000 	C:\WINDOWS\System32\sechost.dll
0x00007ffb6fef0000 - 0x00007ffb70008000 	C:\WINDOWS\System32\RPCRT4.dll
0x00007ffb70fb0000 - 0x00007ffb71024000 	C:\WINDOWS\System32\WS2_32.dll
0x00007ffb6cf50000 - 0x00007ffb6cfae000 	C:\WINDOWS\SYSTEM32\POWRPROF.dll
0x00007ffb55cd0000 - 0x00007ffb55d05000 	C:\WINDOWS\SYSTEM32\WINMM.dll
0x00007ffb51df0000 - 0x00007ffb51dfb000 	C:\WINDOWS\SYSTEM32\VERSION.dll
0x00007ffb6cf30000 - 0x00007ffb6cf44000 	C:\WINDOWS\SYSTEM32\UMPDC.dll
0x00007ffb6d210000 - 0x00007ffb6d22b000 	C:\WINDOWS\SYSTEM32\kernel.appcore.dll
0x00007ffb5db60000 - 0x00007ffb5db6a000 	C:\Program Files\JetBrains\IntelliJ IDEA Community Edition 2025.1.3\jbr\bin\jimage.dll
0x00007ffb6ba50000 - 0x00007ffb6bc91000 	C:\WINDOWS\SYSTEM32\DBGHELP.DLL
0x00007ffb70c20000 - 0x00007ffb70fa5000 	C:\WINDOWS\System32\combase.dll
0x00007ffb6fc80000 - 0x00007ffb6fd60000 	C:\WINDOWS\System32\OLEAUT32.dll
0x00007ffb53370000 - 0x00007ffb533b3000 	C:\WINDOWS\SYSTEM32\dbgcore.DLL
0x00007ffb6ee70000 - 0x00007ffb6ef09000 	C:\WINDOWS\System32\bcryptPrimitives.dll
0x00007ffb5aac0000 - 0x00007ffb5aae0000 	C:\Program Files\JetBrains\IntelliJ IDEA Community Edition 2025.1.3\jbr\bin\java.dll
0x00007ffb703f0000 - 0x00007ffb70b3d000 	C:\WINDOWS\System32\SHELL32.dll
0x00007ffb6ead0000 - 0x00007ffb6ec43000 	C:\WINDOWS\System32\wintypes.dll
0x00007ffb6bf50000 - 0x00007ffb6c7b0000 	C:\WINDOWS\SYSTEM32\windows.storage.dll
0x00007ffb6f900000 - 0x00007ffb6f9f5000 	C:\WINDOWS\System32\SHCORE.dll
0x00007ffb6f880000 - 0x00007ffb6f8ea000 	C:\WINDOWS\System32\shlwapi.dll
0x00007ffb6e290000 - 0x00007ffb6e2b9000 	C:\WINDOWS\SYSTEM32\profapi.dll
0x00007ffb5a730000 - 0x00007ffb5a748000 	C:\Program Files\JetBrains\IntelliJ IDEA Community Edition 2025.1.3\jbr\bin\zip.dll
0x00007ffb5cde0000 - 0x00007ffb5cdf0000 	C:\Program Files\JetBrains\IntelliJ IDEA Community Edition 2025.1.3\jbr\bin\net.dll
0x00007ffb64980000 - 0x00007ffb64a9e000 	C:\WINDOWS\SYSTEM32\WINHTTP.dll
0x00007ffb6d7a0000 - 0x00007ffb6d80b000 	C:\WINDOWS\system32\mswsock.dll
0x00007ffb5a5f0000 - 0x00007ffb5a606000 	C:\Program Files\JetBrains\IntelliJ IDEA Community Edition 2025.1.3\jbr\bin\nio.dll
0x00007ffb6da70000 - 0x00007ffb6da8b000 	C:\WINDOWS\SYSTEM32\CRYPTSP.dll
0x00007ffb6d170000 - 0x00007ffb6d1ab000 	C:\WINDOWS\system32\rsaenh.dll
0x00007ffb6d840000 - 0x00007ffb6d86b000 	C:\WINDOWS\SYSTEM32\USERENV.dll
0x00007ffb6e260000 - 0x00007ffb6e286000 	C:\WINDOWS\SYSTEM32\bcrypt.dll
0x00007ffb6da60000 - 0x00007ffb6da6c000 	C:\WINDOWS\SYSTEM32\CRYPTBASE.dll
0x00007ffb6cc20000 - 0x00007ffb6cc53000 	C:\WINDOWS\SYSTEM32\IPHLPAPI.DLL
0x00007ffb6f0b0000 - 0x00007ffb6f0ba000 	C:\WINDOWS\System32\NSI.dll
0x00007ffb5c950000 - 0x00007ffb5c95e000 	C:\Program Files\JetBrains\IntelliJ IDEA Community Edition 2025.1.3\jbr\bin\sunmscapi.dll
0x00007ffb6e800000 - 0x00007ffb6e977000 	C:\WINDOWS\System32\CRYPT32.dll
0x00007ffb6dc80000 - 0x00007ffb6dcb0000 	C:\WINDOWS\SYSTEM32\ncrypt.dll
0x00007ffb6dc30000 - 0x00007ffb6dc6f000 	C:\WINDOWS\SYSTEM32\NTASN1.dll
0x00007ffb579e0000 - 0x00007ffb579e8000 	C:\WINDOWS\system32\wshunix.dll
0x00007ffb5baa0000 - 0x00007ffb5baa9000 	C:\Program Files\JetBrains\IntelliJ IDEA Community Edition 2025.1.3\jbr\bin\extnet.dll

dbghelp: loaded successfully - version: 4.0.5 - missing functions: none
symbol engine: initialized successfully - sym options: 0x614 - pdb path: .;C:\Program Files\JetBrains\IntelliJ IDEA Community Edition 2025.1.3\jbr\bin;C:\WINDOWS\SYSTEM32;C:\WINDOWS\WinSxS\amd64_microsoft.windows.common-controls_6595b64144ccf1df_6.0.26100.4768_none_3e0c112ce331287c;C:\Program Files\JetBrains\IntelliJ IDEA Community Edition 2025.1.3\jbr\bin\server

VM Arguments:
java_command: git4idea.http.GitAskPassApp Username for 'https://github.com': 
java_class_path (initial): C:/Program Files/JetBrains/IntelliJ IDEA Community Edition 2025.1.3/plugins/vcs-git/lib/git4idea-rt.jar;C:/Program Files/JetBrains/IntelliJ IDEA Community Edition 2025.1.3/lib/externalProcess-rt.jar
Launcher Type: SUN_STANDARD

[Global flags]
     intx CICompilerCount                          = 12                                        {product} {ergonomic}
     uint ConcGCThreads                            = 3                                         {product} {ergonomic}
     uint G1ConcRefinementThreads                  = 13                                        {product} {ergonomic}
   size_t G1HeapRegionSize                         = 4194304                                   {product} {ergonomic}
    uintx GCDrainStackTargetSize                   = 64                                        {product} {ergonomic}
   size_t InitialHeapSize                          = 532676608                                 {product} {ergonomic}
   size_t MarkStackSize                            = 4194304                                   {product} {ergonomic}
   size_t MaxHeapSize                              = 8493465600                                {product} {ergonomic}
   size_t MaxNewSize                               = 5096079360                                {product} {ergonomic}
   size_t MinHeapDeltaBytes                        = 4194304                                   {product} {ergonomic}
   size_t MinHeapSize                              = 8388608                                   {product} {ergonomic}
    uintx NonNMethodCodeHeapSize                   = 7602480                                {pd product} {ergonomic}
    uintx NonProfiledCodeHeapSize                  = 122027880                              {pd product} {ergonomic}
    uintx ProfiledCodeHeapSize                     = 122027880                              {pd product} {ergonomic}
    uintx ReservedCodeCacheSize                    = 251658240                              {pd product} {ergonomic}
     bool SegmentedCodeCache                       = true                                      {product} {ergonomic}
   size_t SoftMaxHeapSize                          = 8493465600                             {manageable} {ergonomic}
     bool UseCompressedOops                        = true                           {product lp64_product} {ergonomic}
     bool UseG1GC                                  = true                                      {product} {ergonomic}
     bool UseLargePagesIndividualAllocation        = false                                  {pd product} {ergonomic}

Logging:
Log output configuration:
 #0: stdout all=warning uptime,level,tags foldmultilines=false
 #1: stderr all=off uptime,level,tags foldmultilines=false

Environment Variables:
JAVA_HOME=C:\Program Files\BellSoft\LibericaJDK-17\
PATH=C:\Program Files\Git\mingw64\libexec\git-core;C:\Program Files\Git\mingw64\libexec\git-core;C:\Program Files\Git\mingw64\bin;C:\Program Files\Git\usr\bin;C:\Users\USER\bin;C:\Program Files\BellSoft\LibericaJDK-17\bin;C:\python;C:\Program Files (x86)\Common Files\Oracle\Java\javapath;C:\Program Files\Microsoft\jdk-17.0.5.8-hotspot\bin;C:\WINDOWS\system32;C:\WINDOWS;C:\WINDOWS\System32\Wbem;C:\WINDOWS\System32\WindowsPowerShell\v1.0;C:\WINDOWS\System32\OpenSSH;C:\MinGW\bin;C:\Program Files\Git\cmd;C:\Program Files\MATLAB\R2023a\bin;C:\Program Files\nodejs;C:\Program Files\Bandizip;C:\flutter\flutter\bin;C:\Program Files\Docker\Docker\resources\bin;C:\Program Files\MySQL\MySQL Shell 8.0\bin;C:\Users\USER\AppData\Local\Microsoft\WindowsApps;C:\Users\USER\AppData\Local\Programs\Microsoft VS Code\bin;C:\Users\USER\AppData\Roaming\npm;C:\Program Files\JetBrains\IntelliJ IDEA Community Edition 2025.1.3\bin
USERNAME=USER
DISPLAY=:0.0
LC_ALL=en_US.UTF-8
TERM=xterm-256color
TMPDIR=C:\Users\USER\AppData\Local\Temp
OS=Windows_NT
PROCESSOR_IDENTIFIER=Intel64 Family 6 Model 154 Stepping 3, GenuineIntel
TMP=C:\Users\USER\AppData\Local\Temp
TEMP=C:\Users\USER\AppData\Local\Temp




Periodic native trim disabled

JNI global refs:
JNI global refs: 29, weak refs: 0

JNI global refs memory usage: 835, weak refs: 201

Process memory usage:
Resident Set Size: 91420K (0% of 33172256K total physical memory with 9512004K free physical memory)

OOME stack traces (most recent first):
Classloader memory used:
Loader bootstrap                                                                       : 7366K
Loader jdk.internal.loader.ClassLoaders$PlatformClassLoader                            : 1904K
Loader jdk.internal.loader.ClassLoaders$AppClassLoader                                 : 16448B

---------------  S Y S T E M  ---------------

OS:
 Windows 11 , 64 bit Build 26100 (10.0.26100.4768)
OS uptime: 7 days 9:19 hours
Hyper-V role detected

CPU: total 16 (initial active 16) (8 cores per cpu, 2 threads per core) family 6 model 154 stepping 3 microcode 0x423, cx8, cmov, fxsr, ht, mmx, 3dnowpref, sse, sse2, sse3, ssse3, sse4.1, sse4.2, popcnt, lzcnt, tsc, tscinvbit, avx, avx2, aes, erms, clmul, bmi1, bmi2, adx, sha, fma, vzeroupper, clflush, clflushopt, clwb, hv, serialize, rdtscp, rdpid, fsrm, f16c, cet_ibt, cet_ss
Processor Information for processor 0
  Max Mhz: 2100, Current Mhz: 2100, Mhz Limit: 2100
Processor Information for processor 1
  Max Mhz: 2100, Current Mhz: 2100, Mhz Limit: 2100
Processor Information for processor 2
  Max Mhz: 2100, Current Mhz: 2100, Mhz Limit: 2100
Processor Information for processor 3
  Max Mhz: 2100, Current Mhz: 2100, Mhz Limit: 2100
Processor Information for processor 4
  Max Mhz: 2100, Current Mhz: 2100, Mhz Limit: 2100
Processor Information for processor 5
  Max Mhz: 2100, Current Mhz: 2100, Mhz Limit: 2100
Processor Information for processor 6
  Max Mhz: 2100, Current Mhz: 2100, Mhz Limit: 2100
Processor Information for processor 7
  Max Mhz: 2100, Current Mhz: 2100, Mhz Limit: 2100
Processor Information for processor 8
  Max Mhz: 2100, Current Mhz: 1500, Mhz Limit: 1491
Processor Information for processor 9
  Max Mhz: 2100, Current Mhz: 1500, Mhz Limit: 1491
Processor Information for processor 10
  Max Mhz: 2100, Current Mhz: 1500, Mhz Limit: 1491
Processor Information for processor 11
  Max Mhz: 2100, Current Mhz: 1500, Mhz Limit: 1491
Processor Information for processor 12
  Max Mhz: 2100, Current Mhz: 1500, Mhz Limit: 1491
Processor Information for processor 13
  Max Mhz: 2100, Current Mhz: 1500, Mhz Limit: 1491
Processor Information for processor 14
  Max Mhz: 2100, Current Mhz: 1500, Mhz Limit: 1491
Processor Information for processor 15
  Max Mhz: 2100, Current Mhz: 1500, Mhz Limit: 1491

Memory: 4k page, system-wide physical 32394M (9289M free)
TotalPageFile size 32394M (AvailPageFile size 5M)
current process WorkingSet (physical memory assigned to process): 89M, peak: 89M
current process commit charge ("private bytes"): 636M, peak: 639M

vm_info: OpenJDK 64-Bit Server VM (21.0.7+9-b895.130) for windows-amd64 JRE (21.0.7+9-b895.130), built on 2025-05-13 by "builduser" with MS VC++ 16.10 / 16.11 (VS2019)

END.
